DiagnosticsPlugin.exe Information: 0 : [2015-06-24 23:03:31] Starting DiagnosticPlugin.exe DiagnosticPlugin-ShutdownEvent DiagnosticPlugin-TotalShutdownEvent -wadVer1v4
DiagnosticsPlugin.exe Error: 0 : [2015-06-24 23:03:31] Failed to save IIS Directory state
DiagnosticsPlugin.exe Error: 0 : [2015-06-24 23:03:31] System.Runtime.InteropServices.COMException (0x80040154): Pobranie fabryki klasy COM dla składnika o identyfikatorze CLSID {2B72133B-3F5B-4602-8952-803546CE3344} nie powiodło się z powodu następującego błędu: 80040154 Klasa niezarejestrowana. (Wyjątek od HRESULT: 0x80040154 (REGDB_E_CLASSNOTREG)).
   w System.Runtime.Remoting.RemotingServices.AllocateUninitializedObject(RuntimeType objectType)
   w System.Runtime.Remoting.Activation.ActivationServices.CreateInstance(RuntimeType serverType)
   w System.Runtime.Remoting.Activation.ActivationServices.IsCurrentContextOK(RuntimeType serverType, Object[] props, Boolean bNewObj)
   w System.RuntimeTypeHandle.CreateInstance(RuntimeType type, Boolean publicOnly, Boolean noCheck, Boolean& canBeCached, RuntimeMethodHandleInternal& ctor, Boolean& bNeedSecurityCheck)
   w System.RuntimeType.CreateInstanceSlow(Boolean publicOnly, Boolean skipCheckThis, Boolean fillCache, StackCrawlMark& stackMark)
   w System.RuntimeType.CreateInstanceDefaultCtor(Boolean publicOnly, Boolean skipCheckThis, Boolean fillCache, StackCrawlMark& stackMark)
   w System.Activator.CreateInstance[T]()
   w Microsoft.Web.Administration.ConfigurationManager.CreateAdminManager[TClass,TInterface](WebConfigurationMap webConfigMap, Boolean isAdminConfig)
   w Microsoft.Web.Administration.ConfigurationManager.CreateConfiguration(WebConfigurationMap configMap, String configPathToEdit, Boolean isAdminConfig)
   w Microsoft.Web.Administration.ConfigurationManager.GetConfiguration(String rawConfigurationPath, String cacheKey, Boolean isAdminConfig)
   w Microsoft.Web.Administration.ServerManager.get_Sites()
   w Microsoft.Azure.Plugins.Plugin.DiagnosticsPluginManager.SaveIISDirectoryState()
DiagnosticsPlugin.exe Information: 0 : [2015-06-24 23:03:31] Starting DiagnosticsPlugin
DiagnosticsPlugin.exe Information: 0 : [2015-06-24 23:03:31] Emulator config file set to c:\users\adam\documents\visual studio 2013\Projects\AzureCloudService1\AzureCloudService1\csx\Debug\roles\WCFServiceWebRole1\approot\diagnostics.wadcfgx
DiagnosticsPlugin.exe Information: 0 : [2015-06-24 23:03:31] DiagnosticsStoreRootPath set to: C:\Users\adam\AppData\Local\dftmp\Resources\9c50a391-cca0-46a3-afe1-b60498b9de45
DiagnosticsPlugin.exe Information: 0 : [2015-06-24 23:03:31] Loading config file: c:\users\adam\documents\visual studio 2013\Projects\AzureCloudService1\AzureCloudService1\csx\Debug\roles\WCFServiceWebRole1\approot\diagnostics.wadcfgx
DiagnosticsPlugin.exe Information: 0 : [2015-06-24 23:03:31] Checking VM Type
DiagnosticsPlugin.exe Information: 0 : [2015-06-24 23:03:31] Emulator config file set to c:\users\adam\documents\visual studio 2013\Projects\AzureCloudService1\AzureCloudService1\csx\Debug\roles\WCFServiceWebRole1\approot\diagnostics.wadcfgx
DiagnosticsPlugin.exe Information: 0 : [2015-06-24 23:03:31] Extension set to Emulator Mode
DiagnosticsPlugin.exe Information: 0 : [2015-06-24 23:03:31] Reading XML configuration file
DiagnosticsPlugin.exe Information: 0 : [2015-06-24 23:03:31] Bypassing private config decryption
DiagnosticsPlugin.exe Information: 0 : [2015-06-24 23:03:31] WadCfg is provided in initial configuration. Using that to initialize Diagnostics.
DiagnosticsPlugin.exe Information: 0 : [2015-06-24 23:03:31] <PublicConfig xmlns="http://schemas.microsoft.com/ServiceHosting/2010/10/DiagnosticsConfiguration">
  <WadCfg>
    <DiagnosticMonitorConfiguration overallQuotaInMB="4096">
      <DiagnosticInfrastructureLogs scheduledTransferLogLevelFilter="Error" />
      <Logs scheduledTransferPeriod="PT1M" scheduledTransferLogLevelFilter="Error" />
      <Directories scheduledTransferPeriod="PT1M">
        <IISLogs containerName="wad-iis-logfiles" />
        <FailedRequestLogs containerName="wad-failedrequestlogs" />
      </Directories>
      <WindowsEventLog scheduledTransferPeriod="PT1M">
        <DataSource name="Application!*" />
      </WindowsEventLog>
      <CrashDumps containerName="wad-crashdumps" dumpType="Mini">
        <CrashDumpConfiguration processName="WaIISHost.exe" />
        <CrashDumpConfiguration processName="WaWorkerHost.exe" />
        <CrashDumpConfiguration processName="w3wp.exe" />
      </CrashDumps>
      <PerformanceCounters scheduledTransferPeriod="PT1M">
        <PerformanceCounterConfiguration counterSpecifier="\Memory\Available MBytes" sampleRate="PT3M" />
        <PerformanceCounterConfiguration counterSpecifier="\Web Service(_Total)\ISAPI Extension Requests/sec" sampleRate="PT3M" />
        <PerformanceCounterConfiguration counterSpecifier="\Web Service(_Total)\Bytes Total/Sec" sampleRate="PT3M" />
        <PerformanceCounterConfiguration counterSpecifier="\ASP.NET Applications(__Total__)\Requests/Sec" sampleRate="PT3M" />
        <PerformanceCounterConfiguration counterSpecifier="\ASP.NET Applications(__Total__)\Errors Total/Sec" sampleRate="PT3M" />
        <PerformanceCounterConfiguration counterSpecifier="\ASP.NET\Requests Queued" sampleRate="PT3M" />
        <PerformanceCounterConfiguration counterSpecifier="\ASP.NET\Requests Rejected" sampleRate="PT3M" />
        <PerformanceCounterConfiguration counterSpecifier="\Processor(_Total)\% Processor Time" sampleRate="PT3M" />
      </PerformanceCounters>
    </DiagnosticMonitorConfiguration>
  </WadCfg>
  <StorageAccount>measservice</StorageAccount>
</PublicConfig>
DiagnosticsPlugin.exe Information: 0 : [2015-06-24 23:03:31] Private setting is loaded
DiagnosticsPlugin.exe Information: 0 : [2015-06-24 23:03:31] Successfully created checkpoint file C:\Users\adam\AppData\Local\dftmp\Resources\9c50a391-cca0-46a3-afe1-b60498b9de45\WAD0104\Configuration\Checkpoint.txt
DiagnosticsPlugin.exe Information: 0 : [2015-06-24 23:03:31] Will use local resource directory C:\Users\adam\AppData\Local\dftmp\Resources\9c50a391-cca0-46a3-afe1-b60498b9de45\WAD0104
DiagnosticsPlugin.exe Information: 0 : [2015-06-24 23:03:31] Will use endpoint https://core.windows.net for storage.
DiagnosticsPlugin.exe Error: 0 : [2015-06-24 23:03:32] Exception in creating the ServerManager; is IIS installed?
 Error:System.Runtime.InteropServices.COMException (0x80040154): Pobranie fabryki klasy COM dla składnika o identyfikatorze CLSID {2B72133B-3F5B-4602-8952-803546CE3344} nie powiodło się z powodu następującego błędu: 80040154 Klasa niezarejestrowana. (Wyjątek od HRESULT: 0x80040154 (REGDB_E_CLASSNOTREG)).
   w System.Runtime.Remoting.RemotingServices.AllocateUninitializedObject(RuntimeType objectType)
   w System.Runtime.Remoting.Activation.ActivationServices.CreateInstance(RuntimeType serverType)
   w System.Runtime.Remoting.Activation.ActivationServices.IsCurrentContextOK(RuntimeType serverType, Object[] props, Boolean bNewObj)
   w System.RuntimeTypeHandle.CreateInstance(RuntimeType type, Boolean publicOnly, Boolean noCheck, Boolean& canBeCached, RuntimeMethodHandleInternal& ctor, Boolean& bNeedSecurityCheck)
   w System.RuntimeType.CreateInstanceSlow(Boolean publicOnly, Boolean skipCheckThis, Boolean fillCache, StackCrawlMark& stackMark)
   w System.RuntimeType.CreateInstanceDefaultCtor(Boolean publicOnly, Boolean skipCheckThis, Boolean fillCache, StackCrawlMark& stackMark)
   w System.Activator.CreateInstance[T]()
   w Microsoft.Web.Administration.ConfigurationManager.CreateAdminManager[TClass,TInterface](WebConfigurationMap webConfigMap, Boolean isAdminConfig)
   w Microsoft.Web.Administration.ConfigurationManager.CreateConfiguration(WebConfigurationMap configMap, String configPathToEdit, Boolean isAdminConfig)
   w Microsoft.Web.Administration.ConfigurationManager.GetConfiguration(String rawConfigurationPath, String cacheKey, Boolean isAdminConfig)
   w Microsoft.Web.Administration.ServerManager.get_Sites()
   w Microsoft.Azure.Plugins.Plugin.WadConfigProcessor.AddDirectories(EventsType mdsEvents, Directories wadDirectories)
DiagnosticsPlugin.exe Information: 0 : [2015-06-24 23:03:32] Running in emulator mode, crash dumps not enabled
DiagnosticsPlugin.exe Information: 0 : [2015-06-24 23:04:32] MonAgentHost.exe started
DiagnosticsPlugin.exe Information: 0 : [2015-06-24 23:04:32] DiagnoticsPlugin started.
DiagnosticsPlugin.exe Information: 0 : [2015-06-24 23:04:32] DiagnoticsPlugin now waiting on events "DiagnosticPlugin-ShutdownEvent", "DiagnosticPlugin-TotalShutdownEvent" or "DiagnosticPlugin-RestartEvent".
